make all --print-data-base --no-builtin-variables --no-builtin-rules --question
# GNU Make 3.81
# Copyright (C) 2006  Free Software Foundation, Inc.
# This is free software; see the source for copying conditions.
# There is NO warranty; not even for MERCHANTABILITY or FITNESS FOR A
# PARTICULAR PURPOSE.

# This program built for i386-apple-darwin11.3.0
 
tput: No value for $TERM and no -T specified

tput: No value for $TERM and no -T specified

tput: No value for $TERM and no -T specified

tput: No value for $TERM and no -T specified

tput: No value for $TERM and no -T specified

tput: No value for $TERM and no -T specified

tput: No value for $TERM and no -T specified

tput: No value for $TERM and no -T specified

tput: No value for $TERM and no -T specified

tput: No value for $TERM and no -T specified

tput: No value for $TERM and no -T specified

tput: No value for $TERM and no -T specified

tput: No value for $TERM and no -T specified

tput: No value for $TERM and no -T specified

tput: No value for $TERM and no -T specified

tput: No value for $TERM and no -T specified

tput: No value for $TERM and no -T specified

tput: No value for $TERM and no -T specified

tput: No value for $TERM and no -T specified

tput: No value for $TERM and no -T specified

tput: No value for $TERM and no -T specified

tput: No value for $TERM and no -T specified

tput: No value for $TERM and no -T specified

tput: No value for $TERM and no -T specified

tput: No value for $TERM and no -T specified

tput: No value for $TERM and no -T specified

tput: No value for $TERM and no -T specified

tput: No value for $TERM and no -T specified
tput: No value for $TERM and no -T specified
tput: No value for $TERM and no -T specified
tput: No value for $TERM and no -T specified

tput: No value for $TERM and no -T specified

tput: No value for $TERM and no -T specified

tput: No value for $TERM and no -T specified

tput: No value for $TERM and no -T specified

tput: No value for $TERM and no -T specified

tput: No value for $TERM and no -T specified

tput: No value for $TERM and no -T specified

tput: No value for $TERM and no -T specified

tput: No value for $TERM and no -T specified

tput: No value for $TERM and no -T specified

tput: No value for $TERM and no -T specified

tput: No value for $TERM and no -T specified

tput: No value for $TERM and no -T specified

tput: No value for $TERM and no -T specified

tput: No value for $TERM and no -T specified

tput: No value for $TERM and no -T specified

tput: No value for $TERM and no -T specified

tput: No value for $TERM and no -T specified

tput: No value for $TERM and no -T specified

tput: No value for $TERM and no -T specified

tput: No value for $TERM and no -T specified

tput: No value for $TERM and no -T specified

tput: No value for $TERM and no -T specified

tput: No value for $TERM and no -T specified

tput: No value for $TERM and no -T specified

tput: No value for $TERM and no -T specified

tput: No value for $TERM and no -T specified

tput: No value for $TERM and no -T specified

tput: No value for $TERM and no -T specified

tput: No value for $TERM and no -T specified

tput: No value for $TERM and no -T specified

tput: No value for $TERM and no -T specified

tput: No value for $TERM and no -T specified

tput: No value for $TERM and no -T specified

tput: No value for $TERM and no -T specified

tput: No value for $TERM and no -T specified

tput: No value for $TERM and no -T specified

tput: No value for $TERM and no -T specified

tput: No value for $TERM and no -T specified

tput: No value for $TERM and no -T specified

tput: No value for $TERM and no -T specified

tput: No value for $TERM and no -T specified


# Make data base, printed on Wed Jul 27 17:06:40 2022

# Variables

# automatic
 
<D = $(patsubst %/,%,$(dir $<))
# automatic
?F = $(notdir $?)
# automatic
?D = $(patsubst %/,%,$(dir $?))
# makefile (from `Makefile', line 85)
INCLUDES = -I $(HDR_DIR)
# makefile (from `Makefile', line 33)
C = $(words $N)$(eval N := x $N)
# automatic
@D = $(patsubst %/,%,$(dir $@))
# automatic
@F = $(notdir $@)
# makefile
CURDIR := /Users/nathanael/VSCodeWorkspace/42Git/CPPModules/CPP_04/ex00
# makefile
SHELL = /bin/sh
# makefile (from `Makefile', line 90)
RM = rm -rf
# makefile (from `Makefile', line 141)
N := x x
# makefile (from `Makefile', line 28)
T := 8
# environment
VSCODE_NLS_CONFIG = {"locale":"en-gb","availableLanguages":{},"_languagePackSupport":true}
# makefile (from `Makefile', line 44)
CB_BLU = $(shell tput setab 4)
# environment
_ = /usr/bin/make
# makefile (from `Makefile', line 47)
CB_WHT = $(shell tput setab 7)
# makefile (from `Makefile', line 83)
CFLAGS = -$(COMP_STD) $(COMP_FLAGS)
# makefile (from `Makefile', line 67)
C_FIN_VA = $(CT_BLU)
# makefile (from `Makefile', line 49)
CT_BLK = $(shell tput setaf 0)
# makefile (from `Makefile', line 50)
CT_RED = $(shell tput setaf 1)
# makefile (from `Makefile', line 1)
MAKEFILE_LIST :=  Makefile
# makefile (from `Makefile', line 62)
C_LNK_V1 = $(CT_RED)
# makefile (from `Makefile', line 76)
SOURCES = $(shell find $(SRC_DIR) -name '*.$(SOURCE_EXT)')
# environment
__CFBundleIdentifier = com.microsoft.VSCode
# environment
INFOPATH = /opt/homebrew/share/info:
# environment
P9K_SSH = 0
# environment
VSCODE_CWD = /
# makefile (from `Makefile', line 17)
SOURCE_EXT = cpp
# makefile (from `Makefile', line 73)
HDR_DIR = ./includes
# makefile (from `Makefile', line 64)
C_BLD_MS = $(CB_BLU)$(CT_BLK)
# environment
PATH = /usr/local/sbin:/opt/homebrew/bin:/opt/homebrew/sbin:/usr/local/bin:/usr/bin:/bin:/usr/sbin:/sbin:/opt/X11/bin:/Library/Apple/usr/bin:/Library/Frameworks/Mono.framework/Versions/Current/Commands
# environment
LSCOLORS = Gxfxcxdxbxegedabagacad
# makefile (from `Makefile', line 51)
CT_GRN = $(shell tput setaf 2)
# makefile (from `Makefile', line 40)
CB_BLK = $(shell tput setab 0)
# makefile (from `Makefile', line 63)
C_LNK_V2 = $(CT_BLU)
# makefile (from `Makefile', line 41)
CB_RED = $(shell tput setab 1)
# environment
ELECTRON_RUN_AS_NODE = 1
# makefile (from `Makefile', line 84)
LDFLAGS = 
# default
.FEATURES := target-specific order-only second-expansion else-if archives jobserver check-symlink
# makefile (from `Makefile', line 55)
CT_CYN = $(shell tput setaf 6)
# makefile (from `Makefile', line 34)
ECHO = echo "`expr " [\`expr $C '*' 100 / $T\`" : '.*\(....\)$$'`%]"
# environment
SSH_AUTH_SOCK = /private/tmp/com.apple.launchd.k6RrK0Mh7V/Listeners
# automatic
%F = $(notdir $%)
# environment
DISPLAY = /private/tmp/com.apple.launchd.ZoO23Ka1Ej/org.xquartz:0
# makefile (from `Makefile', line 54)
CT_MAG = $(shell tput setaf 5)
# makefile (from `Makefile', line 52)
CT_YEL = $(shell tput setaf 3)
# makefile (from `Makefile', line 59)
C_CLN_MS = $(CB_WHT)$(CT_BLK)
# environment
PWD = /Users/nathanael/VSCodeWorkspace/42Git/CPPModules/CPP_04/ex00
# environment
HOMEBREW_CELLAR = /opt/homebrew/Cellar
# environment
ORIGINAL_XDG_CURRENT_DESKTOP = undefined
# environment
MANPATH = /opt/homebrew/share/man::
# environment
VSCODE_AMD_ENTRYPOINT = vs/workbench/api/node/extensionHostProcess
# environment
HOME = /Users/nathanael
# makefile (from `Makefile', line 87)
CLEAN_LST = $(NAME)
# makefile (from `Makefile', line 42)
CB_GRN = $(shell tput setab 2)
# default
 
MAKEFILEPATH = $(shell /usr/bin/xcode-select -print-path 2>/dev/null || echo /Developer)/Makefiles
# makefile (from `Makefile', line 18)
COMP_STD = -std=c++98
# environment
VSCODE_CODE_CACHE_PATH = /Users/nathanael/Library/Application Support/Code/CachedData/3b889b090b5ad5793f524b5d1d39fda662b96a2a
# environment
LOGNAME = nathanael
# environment
APPLICATION_INSIGHTS_NO_DIAGNOSTIC_CHANNEL = 1
# makefile (from `Makefile', line 88)
FCLN_LST = $(BUILD_DIR)
# makefile (from `Makefile', line 57)
CAL_RST = $(shell tput sgr0)
# environment
ZSH = /Users/nathanael/.oh-my-zsh
# environment
VSCODE_HANDLES_UNCAUGHT_ERRORS = true
# automatic
^D = $(patsubst %/,%,$(dir $^))
# makefile (from `Makefile', line 91)
MKDIR = mkdir -p
# environment
XPC_FLAGS = 0x0
# default
MAKE = $(MAKE_COMMAND)
# default
MAKECMDGOALS := all
# environment
SHLVL = 1
# makefile (from `Makefile', line 46)
CB_CYN = $(shell tput setab 6)
# makefile (from `Makefile', line 74)
BUILD_DIR = ./build
# default
MAKE_VERSION := 3.81
# makefile (from `Makefile', line 45)
CB_MAG = $(shell tput setab 5)
# environment
USER = nathanael
# makefile
.DEFAULT_GOAL := all
# makefile (from `Makefile', line 43)
CB_YEL = $(shell tput setab 3)
# makefile (from `Makefile', line 66)
C_FIN_MS = $(CB_GRN)$(CT_BLK)
# makefile (from `Makefile', line 15)
NAME = AniMorph
# environment
LESS = -R
# automatic
%D = $(patsubst %/,%,$(dir $%))
# default
MAKE_COMMAND := /Library/Developer/CommandLineTools/usr/bin/make
# makefile (from `Makefile', line 61)
C_LNK_MS = $(CB_YEL)$(CT_BLK)
# default
.VARIABLES := 
# environment
TMPDIR = /var/folders/jp/p0rfvnj11tldxjm92zpbbsv80000gn/T/
# automatic
*F = $(notdir $*)
# environment
VSCODE_IPC_HOOK = /Users/nathanael/Library/Application Support/Code/1.69.2-main.sock
# environment
MallocNanoZone = 0
# makefile
MAKEFLAGS = sRrqp
# environment
MFLAGS = -sRrqp
# automatic
*D = $(patsubst %/,%,$(dir $*))
# makefile (from `Makefile', line 65)
C_BLD_VA = $(CT_MAG)
# environment
XPC_SERVICE_NAME = application.com.microsoft.VSCode.5889344.5889350
# environment
HOMEBREW_PREFIX = /opt/homebrew
# automatic
+D = $(patsubst %/,%,$(dir $+))
# automatic
+F = $(notdir $+)
# environment
HOMEBREW_REPOSITORY = /opt/homebrew
# environment
__CF_USER_TEXT_ENCODING = 0x1F5:0:15
# environment
COMMAND_MODE = unix2003
# makefile (from `Makefile', line 16)
COMPILER = c++
# default
MAKEFILES := 
# makefile (from `Makefile', line 72)
SRC_DIR = ./sources
# automatic
<F = $(notdir $<)
# environment
PAGER = less
# environment
LC_ALL = C
# makefile (from `Makefile', line 53)
CT_BLU = $(shell tput setaf 4)
# makefile (from `Makefile', line 56)
CT_WHT = $(shell tput setaf 7)
# automatic
^F = $(notdir $^)
# makefile (from `Makefile', line 78)
DEPS = $(OBJECTS:.o=.d)
# default
SUFFIXES := 
# makefile (from `Makefile', line 60)
C_CLN_VA = $(CT_YEL)
# makefile (from `Makefile', line 19)
COMP_FLAGS = -Wall -Wextra -Werror -g
# default
.INCLUDE_DIRS = /usr/local/include
# environment
MAKELEVEL := 0
# makefile (from `Makefile', line 77)
OBJECTS = $(SOURCES:$(SRC_DIR)/%.$(SOURCE_EXT)=$(BUILD_DIR)/%.o)
# environment
LANG = C
# environment
VSCODE_PID = 81606
# variable set hash-table stats:
# Load=117/1024=11%, Rehash=0, Collisions=10/220=5%

# Pattern-specific Variable Values

# No pattern-specific variable values.

# Directories

# . (device 16777232, inode 799340): 7 files, no impossibilities.
# sources (device 16777232, inode 799349): 3 files, no impossibilities so far.
# ./sources (device 16777232, inode 799349): 3 files, no impossibilities so far.

# 13 files, no impossibilities in 3 directories.

# Implicit Rules

build/%.o: ./sources/%.cpp
#  commands to execute (from `Makefile', line 141):
	$(ECHO) "${C_LNK_MS}    Linking     ${CAL_RST}	${C_LNK_V1}$< ${CAL_RST}${CT_WHT}to ${CAL_RST}${C_LNK_V2}$@ ${CAL_RST}"
	$(MKDIR) $(@D)
	$(COMPILER) $(CFLAGS) $(INCLUDES) -MMD -MP -c $< -o $@
	

# 1 implicit rules, 0 (0.0%) terminal.

# Files

# Not a target:
build/main.o:
 
#  Implicit rule search has not been done.
#  Modification time never checked.
#  File has not been updated.

# Not a target:
build/Cat.d:
#  A default, MAKEFILES, or -include/sinclude makefile.
#  Implicit rule search has been done.
#  File does not exist.
#  File has been updated.
#  Failed to be updated.
# variable set hash-table stats:
# Load=0/32=0%, Rehash=0, Collisions=0/0=0%

c:
#  Implicit rule search has not been done.
#  Modification time never checked.
#  File has not been updated.
#  commands to execute (from `Makefile', line 108):
	$(ECHO) "${C_CLN_MS}    Cleaning    ${CAL_RST}	${C_CLN_VA}$(CLEAN_LST)${CAL_RST}"
	$(ECHO) "${C_CLN_MS}    Cleaning    ${CAL_RST}	${C_CLN_VA}$(FCLN_LST)${CAL_RST}"
	$(RM) $(CLEAN_LST) $(FCLN_LST)
	

all: AniMorph
#  Command-line target.
#  Implicit rule search has not been done.
#  File does not exist.
#  File has been updated.
#  Needs to be updated (-q is set).
# variable set hash-table stats:
# Load=0/32=0%, Rehash=0, Collisions=0/45=0%
#  commands to execute (from `Makefile', line 100):
	$(ECHO) "${C_FIN_MS}  Ready to Run  ${CAL_RST}	${C_FIN_VA}$(NAME)${CAL_RST}"
	

m: all
#  Implicit rule search has not been done.
#  Modification time never checked.
#  File has not been updated.
#  commands to execute (from `Makefile', line 120):
	leaks -atExit -- ./$(NAME) > leak_out.txt || true
	grep -E '(Process) [0-9]{1,}: [0-9]{1,} (leak)' leak_out.txt
	grep -E '(ROOT LEAK): <' leak_out.txt || true
	rm leak_out.txt
	

r: c all
#  Implicit rule search has not been done.
#  Modification time never checked.
#  File has not been updated.

v: all
#  Implicit rule search has not been done.
#  Modification time never checked.
#  File has not been updated.
#  commands to execute (from `Makefile', line 126):
	$(ECHO) Opening docker 
	$(ECHO) Cleaning any prior valgrind containers with the name $(VALGRND_NAME)
	docker stop $(VALGRND_NAME) || true && docker rm $(VALGRND_NAME) || true
	$(ECHO) Creating valgrind docker named: $(VALGRND_NAME)
	docker run --name $(VALGRND_NAME) -dit test
	$(ECHO) Using makefile to create $(NAME)
	docker exec $(VALGRND_NAME) make
	$(ECHO) Using valgrind to output results for $(NAME)
	docker exec $(VALGRND_NAME) valgrind ./$(NAME) > val_out.txt
	grep -E '(Process) [0-9]{1,}: [0-9]{1,} (leaks)' val_out.txt
	grep -E '(ROOT LEAK): <' val_out.txt || true
	

# Not a target:
.SUFFIXES:
#  Implicit rule search has not been done.
#  Modification time never checked.
#  File has not been updated.

# Not a target:
Makefile:
#  Implicit rule search has been done.
#  Last modified 2022-07-25 12:15:07
#  File has been updated.
#  Successfully updated.
# variable set hash-table stats:
# Load=0/32=0%, Rehash=0, Collisions=0/0=0%

# Not a target:
build/Animal.d:
#  A default, MAKEFILES, or -include/sinclude makefile.
#  Implicit rule search has been done.
#  File does not exist.
#  File has been updated.
#  Failed to be updated.
# variable set hash-table stats:
# Load=0/32=0%, Rehash=0, Collisions=0/0=0%

# Not a target:
build/Cat.o:
#  Implicit rule search has not been done.
#  Modification time never checked.
#  File has not been updated.

# Not a target:
build/WrongAnimal.d:
#  A default, MAKEFILES, or -include/sinclude makefile.
#  Implicit rule search has been done.
#  File does not exist.
#  File has been updated.
#  Failed to be updated.
# variable set hash-table stats:
# Load=0/32=0%, Rehash=0, Collisions=0/0=0%

# Not a target:
build/WrongCat.d:
#  A default, MAKEFILES, or -include/sinclude makefile.
#  Implicit rule search has been done.
#  File does not exist.
#  File has been updated.
#  Failed to be updated.
# variable set hash-table stats:
# Load=0/32=0%, Rehash=0, Collisions=0/0=0%

.SILENT:
#  Implicit rule search has not been done.
#  Modification time never checked.
#  File has not been updated.

# Not a target:
.DEFAULT:
#  Implicit rule search has not been done.
#  Modification time never checked.
#  File has not been updated.

AniMorph: build/Animal.o build/Cat.o build/WrongCat.o build/WrongAnimal.o build/Dog.o build/main.o
#  Implicit rule search has not been done.
#  File does not exist.
#  File has been updated.
#  Needs to be updated (-q is set).
# variable set hash-table stats:
# Load=0/32=0%, Rehash=0, Collisions=0/45=0%
#  commands to execute (from `Makefile', line 103):
	$(ECHO) "${C_BLD_MS}    Building    ${CAL_RST}	${C_BLD_VA}$@${CAL_RST}"
	$(MKDIR) $(BUILD_DIR)
	$(COMPILER) $(OBJECTS) $(LDFLAGS) -o $@
	

build/Animal.o: sources/Animal.cpp
#  Implicit rule search has been done.
#  Implicit/static pattern stem: `Animal'
#  File does not exist.
#  File has been updated.
#  Needs to be updated (-q is set).
# automatic
# @ := build/Animal.o
# automatic
# % := 
# automatic
# * := Animal
# automatic
# + := sources/Animal.cpp
# automatic
# | := 
# automatic
# < := sources/Animal.cpp
# automatic
# ^ := sources/Animal.cpp
# automatic
 
# ? := sources/Animal.cpp
# variable set hash-table stats:
# Load=8/32=25%, Rehash=0, Collisions=4/58=7%
#  commands to execute (from `Makefile', line 141):
	$(ECHO) "${C_LNK_MS}    Linking     ${CAL_RST}	${C_LNK_V1}$< ${CAL_RST}${CT_WHT}to ${CAL_RST}${C_LNK_V2}$@ ${CAL_RST}"
	$(MKDIR) $(@D)
	$(COMPILER) $(CFLAGS) $(INCLUDES) -MMD -MP -c $< -o $@
	

# Not a target:
build/Dog.d:
#  A default, MAKEFILES, or -include/sinclude makefile.
#  Implicit rule search has been done.
#  File does not exist.
#  File has been updated.
#  Failed to be updated.
# variable set hash-table stats:
# Load=0/32=0%, Rehash=0, Collisions=0/0=0%

# Not a target:
sources/Animal.cpp:
#  Implicit rule search has been done.
#  Last modified 2022-07-13 21:42:57
#  File has been updated.
#  Successfully updated.
# variable set hash-table stats:
# Load=0/32=0%, Rehash=0, Collisions=0/0=0%

clean:
#  Implicit rule search has not been done.
#  Modification time never checked.
#  File has not been updated.
#  commands to execute (from `Makefile', line 108):
	$(ECHO) "${C_CLN_MS}    Cleaning    ${CAL_RST}	${C_CLN_VA}$(CLEAN_LST)${CAL_RST}"
	$(ECHO) "${C_CLN_MS}    Cleaning    ${CAL_RST}	${C_CLN_VA}$(FCLN_LST)${CAL_RST}"
	$(RM) $(CLEAN_LST) $(FCLN_LST)
	

# Not a target:
build/WrongAnimal.o:
#  Implicit rule search has not been done.
#  Modification time never checked.
#  File has not been updated.

# Not a target:
build/WrongCat.o:
#  Implicit rule search has not been done.
#  Modification time never checked.
#  File has not been updated.

# Not a target:
build/main.d:
#  A default, MAKEFILES, or -include/sinclude makefile.
#  Implicit rule search has been done.
#  File does not exist.
#  File has been updated.
#  Failed to be updated.
# variable set hash-table stats:
# Load=0/32=0%, Rehash=0, Collisions=0/0=0%

.DELETE_ON_ERROR:
#  Implicit rule search has not been done.
#  Modification time never checked.
#  File has not been updated.

cc:
#  Implicit rule search has not been done.
#  Modification time never checked.
#  File has not been updated.
#  commands to execute (from `Makefile', line 113):
	clear
	$(ECHO) "${C_CLN_MS} Screen Cleared ${CAL_RST}"
	$(MAKE) c
	

# Not a target:
build/Dog.o:
#  Implicit rule search has not been done.
#  Modification time never checked.
#  File has not been updated.

# files hash-table stats:
# Load=26/1024=3%, Rehash=0, Collisions=0/59=0%
# VPATH Search Paths

# No `vpath' search paths.

# No general (`VPATH' variable) search path.

# # of strings in strcache: 7
# # of strcache buffers: 1
# strcache size: total = 4096 / max = 4096 / min = 4096 / avg = 4096
# strcache free: total = 3998 / max = 3998 / min = 3998 / avg = 3998

# Finished Make data base on Wed Jul 27 17:06:40 2022

 
